<?xml version="1.0" encoding="UTF-8"?>
<!-- Generated by org.testng.reporters.JUnitReportReporter -->
<testsuite hostname="LAPTOP-JSH3AFI9" failures="1" tests="3" name="testClasses.ValidatingUserNameByProperty" time="19.863" errors="0" timestamp="2023-01-19T01:25:01 IST" skipped="0">
  <testcase classname="testClasses.ValidatingUserNameByProperty" name="ValidatingSearchedElement" time="9.054"/>
  <system-out>
    <![CDATA[Reading data from Property File
Data is TECH MAHINDRA]]>
  </system-out>
  <testcase classname="testClasses.ValidatingUserNameByProperty" name="ValidatingUserName" time="5.079"/>
  <system-out>
    <![CDATA[Waiting for 1000 ms
Getting actual name
Reading data from Property File
Data is Hi suyog vaidya
Reading data from Property File
Data is TCID-4545
Taking screenshot and saving it to C:\Selenium\ScreenShot\TCID-4545.png]]>
  </system-out>
  <testcase classname="testClasses.ValidatingUserNameByProperty" name="ValidatingACBalance" time="5.730">
    <failure message="null" type="java.lang.AssertionError">
      <![CDATA[java.lang.AssertionError: null
at org.testng.Assert.fail(Assert.java:99)
at org.testng.Assert.fail(Assert.java:106)
at testClasses.ValidatingUserNameByProperty.ValidatingACBalance(ValidatingUserNameByProperty.java:66)
at java.base/jdk.internal.reflect.NativeMethodAccessorImpl.invoke0(Native Method)
at java.base/jdk.internal.reflect.NativeMethodAccessorImpl.invoke(NativeMethodAccessorImpl.java:62)
at java.base/jdk.internal.reflect.DelegatingMethodAccessorImpl.invoke(DelegatingMethodAccessorImpl.java:43)
at java.base/java.lang.reflect.Method.invoke(Method.java:566)
at org.testng.internal.MethodInvocationHelper.invokeMethod(MethodInvocationHelper.java:133)
at org.testng.internal.TestInvoker.invokeMethod(TestInvoker.java:598)
at org.testng.internal.TestInvoker.invokeTestMethod(TestInvoker.java:173)
at org.testng.internal.MethodRunner.runInSequence(MethodRunner.java:46)
at org.testng.internal.TestInvoker$MethodInvocationAgent.invoke(TestInvoker.java:824)
at org.testng.internal.TestInvoker.invokeTestMethods(TestInvoker.java:146)
at org.testng.internal.TestMethodWorker.invokeTestMethods(TestMethodWorker.java:146)
at org.testng.internal.TestMethodWorker.run(TestMethodWorker.java:128)
at java.base/java.util.ArrayList.forEach(ArrayList.java:1541)
at org.testng.TestRunner.privateRun(TestRunner.java:794)
at org.testng.TestRunner.run(TestRunner.java:596)
at org.testng.SuiteRunner.runTest(SuiteRunner.java:377)
at org.testng.SuiteRunner.runSequentially(SuiteRunner.java:371)
at org.testng.SuiteRunner.privateRun(SuiteRunner.java:332)
at org.testng.SuiteRunner.run(SuiteRunner.java:276)
at org.testng.SuiteRunnerWorker.runSuite(SuiteRunnerWorker.java:53)
at org.testng.SuiteRunnerWorker.run(SuiteRunnerWorker.java:96)
at org.testng.TestNG.runSuitesSequentially(TestNG.java:1212)
at org.testng.TestNG.runSuitesLocally(TestNG.java:1134)
at org.testng.TestNG.runSuites(TestNG.java:1063)
at org.testng.TestNG.run(TestNG.java:1031)
at org.testng.remote.AbstractRemoteTestNG.run(AbstractRemoteTestNG.java:115)
at org.testng.remote.RemoteTestNG.initAndRun(RemoteTestNG.java:251)
at org.testng.remote.RemoteTestNG.main(RemoteTestNG.java:77)
]]>
    </failure>
  </testcase> <!-- ValidatingACBalance -->
  <system-out>
    <![CDATA[TC ValidatingACBalancefailed
Taking screenshot and saving it to C:\Selenium\ScreenShot\ValidatingACBalance.png]]>
  </system-out>
</testsuite> <!-- testClasses.ValidatingUserNameByProperty -->
